<?xml version="1.0" encoding="UTF-8"?>
<testsuite xmlns:xsi="http://www.w3.org/2001/XMLSchema-instance" xsi:noNamespaceSchemaLocation="https://maven.apache.org/surefire/maven-surefire-plugin/xsd/surefire-test-report-3.0.xsd" version="3.0" name="conduitApp.ConduitTest" time="4.109" tests="1" errors="0" skipped="0" failures="0">
  <properties>
[...]
</properties>
  <testcase name="testParallel" classname="conduitApp.ConduitTest" time="4.099">
    <system-out><![CDATA[---------------------------------------------------------
feature: classpath:conduitApp/feature/Article.feature
scenarios:  2 | passed:  2 | failed:  0 | time: 3.3824
---------------------------------------------------------

---------------------------------------------------------
feature: classpath:conduitApp/feature/HomePage.feature
scenarios:  3 | passed:  3 | failed:  0 | time: 1.8340
---------------------------------------------------------

---------------------------------------------------------
feature: classpath:conduitApp/feature/SignUp.feature
scenarios:  4 | passed:  4 | failed:  0 | time: 1.2496
---------------------------------------------------------

Karate version: 1.4.1
======================================================
elapsed:   3.55 | threads:    3 | thread time: 6.47 
features:     3 | skipped:    0 | efficiency: 0.61
scenarios:    9 | passed:     9 | failed: 0
======================================================

HTML report: (paste into browser to view) | Karate version: 1.4.1
file:///Users/rommel.ayala/Documents/project/training/karateUdemy/target/karate-reports/karate-summary.html
===================================================================

]]></system-out>
    <system-err><![CDATA[SLF4J: Failed to load class "org.slf4j.impl.StaticLoggerBinder".
SLF4J: Defaulting to no-operation (NOP) logger implementation
SLF4J: See http://www.slf4j.org/codes.html#StaticLoggerBinder for further details.
Apr 11, 2024 5:49:25 PM net.masterthought.cucumber.ReportParser parseJsonFiles
INFO: File '/Users/rommel.ayala/Documents/project/training/karateUdemy/target/karate-reports/conduitApp.feature.HomePage.json' contains 1 features
Apr 11, 2024 5:49:25 PM net.masterthought.cucumber.ReportParser parseJsonFiles
INFO: File '/Users/rommel.ayala/Documents/project/training/karateUdemy/target/karate-reports/conduitApp.feature.Article.json' contains 1 features
Apr 11, 2024 5:49:25 PM net.masterthought.cucumber.ReportParser parseJsonFiles
INFO: File '/Users/rommel.ayala/Documents/project/training/karateUdemy/target/karate-reports/conduitApp.feature.SignUp.json' contains 1 features
]]></system-err>
  </testcase>
</testsuite>