<?xml version="1.0" encoding="UTF-8"?>
<testsuite xmlns:xsi="http://www.w3.org/2001/XMLSchema-instance" xsi:noNamespaceSchemaLocation="https://maven.apache.org/surefire/maven-surefire-plugin/xsd/surefire-test-report-3.0.xsd" version="3.0" name="conduitApp.ConduitTest" time="4.035" tests="1" errors="0" skipped="0" failures="0">
  <properties>
[...]
</properties>
  <testcase name="testParallel" classname="conduitApp.ConduitTest" time="4.027">
    <system-out><![CDATA[15:51:52.365 [main] INFO  com.intuit.karate.Runner - using system property 'karate.options': --tags @smoke
15:51:52.723 [main] DEBUG com.intuit.karate.Suite - [config] classpath:karate-config.js
15:51:52.724 [main] INFO  com.intuit.karate.Suite - backed up existing 'target/karate-reports' dir to: target/karate-reports_1712843512724
15:51:53.236 [main] INFO  com.intuit.karate - karate.env system property was: null 
15:51:53.255 [main] INFO  com.intuit.karate - >> lock acquired, begin callonce: read('classpath:helpers/CreateToken.feature')
15:51:53.403 [main] DEBUG com.intuit.karate - request:
1 > POST https://api.realworld.io/api/users/login
1 > Content-Type: application/json; charset=UTF-8
1 > Content-Length: 64
1 > Host: api.realworld.io
1 > Connection: Keep-Alive
1 > User-Agent: Apache-HttpClient/4.5.14 (Java/21.0.2)
1 > Accept-Encoding: gzip,deflate
{"user":{"email":"rommel@rommel.com","password":"rommelrommel"}}

15:51:54.117 [main] DEBUG com.intuit.karate - response time in milliseconds: 709
1 < 200
1 < Date: Thu, 11 Apr 2024 13:51:54 GMT
1 < Content-Type: application/json; charset=utf-8
1 < Transfer-Encoding: chunked
1 < Connection: keep-alive
1 < Report-To: {"group":"heroku-nel","max_age":3600,"endpoints":[{"url":"https://nel.heroku.com/reports?ts=1712843514&sid=c46efe9b-d3d2-4a0c-8c76-bfafa16c5add&s=NVoRijJBYxUd1SuNjYT6TV7fwfR30S4mQRv1lnepDvg%3D"}]}
1 < Reporting-Endpoints: heroku-nel=https://nel.heroku.com/reports?ts=1712843514&sid=c46efe9b-d3d2-4a0c-8c76-bfafa16c5add&s=NVoRijJBYxUd1SuNjYT6TV7fwfR30S4mQRv1lnepDvg%3D
1 < Nel: {"report_to":"heroku-nel","max_age":3600,"success_fraction":0.005,"failure_fraction":0.05,"response_headers":["Via"]}
1 < X-Powered-By: Express
1 < Access-Control-Allow-Origin: *
1 < Etag: W/"127-TMUuRveYWu9oOyHyYrmxAj9s9II"
1 < Via: 1.1 vegur
1 < CF-Cache-Status: DYNAMIC
1 < Server: cloudflare
1 < CF-RAY: 872b74396ac65e14-MAD
1 < alt-svc: h3=":443"; ma=86400
{"user":{"email":"rommel@rommel.com","username":"rommel","bio":null,"image":"https://api.realworld.io/images/smiley-cyrus.jpeg","token":"eyJhbGciOiJIUzI1NiIsInR5cCI6IkpXVCJ9.eyJ1c2VyIjp7ImlkIjoxOTc0OX0sImlhdCI6MTcxMjg0MzUxNCwiZXhwIjoxNzE4MDI3NTE0fQ.mHNGzGe-aD3ZEYGg5kBRJxfQqJTih-0TXEeXsLBfj6M"}}

15:51:54.128 [main] INFO  com.intuit.karate - << lock released, cached callonce: read('classpath:helpers/CreateToken.feature')
15:51:54.217 [main] INFO  com.intuit.karate - [print] {
  "article": {
    "title": "Greydon Goodbrother",
    "description": "Chroyane",
    "body": "Wagstaff",
    "tagList": [
    ]
  }
}
 
15:51:54.218 [main] DEBUG com.intuit.karate - request:
1 > POST https://api.realworld.io/api/articles
1 > Authorization: Token eyJhbGciOiJIUzI1NiIsInR5cCI6IkpXVCJ9.eyJ1c2VyIjp7ImlkIjoxOTc0OX0sImlhdCI6MTcxMjg0MzUxNCwiZXhwIjoxNzE4MDI3NTE0fQ.mHNGzGe-aD3ZEYGg5kBRJxfQqJTih-0TXEeXsLBfj6M
1 > Content-Type: application/json; charset=UTF-8
1 > Content-Length: 99
1 > Host: api.realworld.io
1 > Connection: Keep-Alive
1 > User-Agent: Apache-HttpClient/4.5.14 (Java/21.0.2)
1 > Accept-Encoding: gzip,deflate
{"article":{"title":"Greydon Goodbrother","description":"Chroyane","body":"Wagstaff","tagList":[]}}

15:51:54.615 [main] DEBUG com.intuit.karate - response time in milliseconds: 395
1 < 201
1 < Date: Thu, 11 Apr 2024 13:51:54 GMT
1 < Content-Type: application/json; charset=utf-8
1 < Content-Length: 369
1 < Connection: keep-alive
1 < Report-To: {"group":"heroku-nel","max_age":3600,"endpoints":[{"url":"https://nel.heroku.com/reports?ts=1712843514&sid=c46efe9b-d3d2-4a0c-8c76-bfafa16c5add&s=NVoRijJBYxUd1SuNjYT6TV7fwfR30S4mQRv1lnepDvg%3D"}]}
1 < Reporting-Endpoints: heroku-nel=https://nel.heroku.com/reports?ts=1712843514&sid=c46efe9b-d3d2-4a0c-8c76-bfafa16c5add&s=NVoRijJBYxUd1SuNjYT6TV7fwfR30S4mQRv1lnepDvg%3D
1 < Nel: {"report_to":"heroku-nel","max_age":3600,"success_fraction":0.005,"failure_fraction":0.05,"response_headers":["Via"]}
1 < X-Powered-By: Express
1 < Access-Control-Allow-Origin: *
1 < Etag: W/"171-LvKweWyHNV24aYiM9CPNgNRX5Rs"
1 < Via: 1.1 vegur
1 < CF-Cache-Status: DYNAMIC
1 < Server: cloudflare
1 < CF-RAY: 872b743cbc1e5e19-MAD
1 < alt-svc: h3=":443"; ma=86400
{"article":{"slug":"Greydon-Goodbrother-19749","title":"Greydon Goodbrother","description":"Chroyane","body":"Wagstaff","tagList":[],"createdAt":"2024-04-11T13:51:54.547Z","updatedAt":"2024-04-11T13:51:54.547Z","favorited":false,"favoritesCount":0,"author":{"username":"rommel","bio":null,"image":"https://api.realworld.io/images/smiley-cyrus.jpeg","following":false}}}

15:51:54.630 [main] DEBUG com.intuit.karate - request:
2 > DELETE https://api.realworld.io/api/articles/Greydon-Goodbrother-19749
2 > Authorization: Token eyJhbGciOiJIUzI1NiIsInR5cCI6IkpXVCJ9.eyJ1c2VyIjp7ImlkIjoxOTc0OX0sImlhdCI6MTcxMjg0MzUxNCwiZXhwIjoxNzE4MDI3NTE0fQ.mHNGzGe-aD3ZEYGg5kBRJxfQqJTih-0TXEeXsLBfj6M
2 > Host: api.realworld.io
2 > Connection: Keep-Alive
2 > User-Agent: Apache-HttpClient/4.5.14 (Java/21.0.2)
2 > Accept-Encoding: gzip,deflate


15:51:54.933 [main] DEBUG com.intuit.karate - response time in milliseconds: 302
2 < 204
2 < Date: Thu, 11 Apr 2024 13:51:55 GMT
2 < Content-Length: 0
2 < Connection: keep-alive
2 < Report-To: {"group":"heroku-nel","max_age":3600,"endpoints":[{"url":"https://nel.heroku.com/reports?ts=1712843514&sid=c46efe9b-d3d2-4a0c-8c76-bfafa16c5add&s=NVoRijJBYxUd1SuNjYT6TV7fwfR30S4mQRv1lnepDvg%3D"}]}
2 < Reporting-Endpoints: heroku-nel=https://nel.heroku.com/reports?ts=1712843514&sid=c46efe9b-d3d2-4a0c-8c76-bfafa16c5add&s=NVoRijJBYxUd1SuNjYT6TV7fwfR30S4mQRv1lnepDvg%3D
2 < Nel: {"report_to":"heroku-nel","max_age":3600,"success_fraction":0.005,"failure_fraction":0.05,"response_headers":["Via"]}
2 < X-Powered-By: Express
2 < Access-Control-Allow-Origin: *
2 < Etag: W/"a-bAsFyilMr4Ra1hIU5PyoyFRunpI"
2 < Via: 1.1 vegur
2 < CF-Cache-Status: DYNAMIC
2 < Server: cloudflare
2 < CF-RAY: 872b743f8e7d37df-MAD
2 < alt-svc: h3=":443"; ma=86400


15:51:54.936 [main] DEBUG com.intuit.karate - request:
3 > GET https://api.realworld.io/api/articles?offset=0&limit=10
3 > Host: api.realworld.io
3 > Connection: Keep-Alive
3 > User-Agent: Apache-HttpClient/4.5.14 (Java/21.0.2)
3 > Accept-Encoding: gzip,deflate


15:51:55.759 [main] DEBUG com.intuit.karate - response time in milliseconds: 822
3 < 200
3 < Date: Thu, 11 Apr 2024 13:51:55 GMT
3 < Content-Type: application/json; charset=utf-8
3 < Transfer-Encoding: chunked
3 < Connection: keep-alive
3 < Report-To: {"group":"heroku-nel","max_age":3600,"endpoints":[{"url":"https://nel.heroku.com/reports?ts=1712843515&sid=c46efe9b-d3d2-4a0c-8c76-bfafa16c5add&s=j1a8dfPiaqYyniJzAtCYuoJZ9mu9%2BhCIUvBUE%2FeLgCU%3D"}]}
3 < Reporting-Endpoints: heroku-nel=https://nel.heroku.com/reports?ts=1712843515&sid=c46efe9b-d3d2-4a0c-8c76-bfafa16c5add&s=j1a8dfPiaqYyniJzAtCYuoJZ9mu9%2BhCIUvBUE%2FeLgCU%3D
3 < Nel: {"report_to":"heroku-nel","max_age":3600,"success_fraction":0.005,"failure_fraction":0.05,"response_headers":["Via"]}
3 < X-Powered-By: Express
3 < Access-Control-Allow-Origin: *
3 < Etag: W/"55e2-jPVUBTiEAIXBWmdbmOF6V7f6SsM"
3 < Via: 1.1 vegur
3 < CF-Cache-Status: DYNAMIC
3 < Server: cloudflare
3 < CF-RAY: 872b74414cdd5e53-MAD
3 < alt-svc: h3=":443"; ma=86400
{"articles":[{"slug":"Ill-quantify-the-redundant-TCP-bus-that-should-hard-drive-the-ADP-bandwidth!-553","title":"Ill quantify the redundant TCP bus, that should hard drive the ADP bandwidth!","description":"Aut facilis qui. Cupiditate sit ratione eum sunt rerum impedit. Qui suscipit debitis et et voluptates voluptatem voluptatibus. Quas voluptatum quae corporis corporis possimus.","body":"Quis nesciunt ut est eos.\\nQui reiciendis doloribus.\\nEst quidem ullam reprehenderit.\\nEst omnis eligendi quis quis quo eum officiis asperiores quis. Et sed dicta eveniet accusamus consequatur.\\nUllam voluptas consequatur aut eos ducimus.\\nId officia est ut dicta provident beatae ipsa. Pariatur quo neque est perspiciatis non illo rerum expedita minima.\\nEt commodi voluptas eos ex.\\nUnde velit delectus deleniti deleniti non in sit.\\nAliquid voluptatem magni. Iusto laborum aperiam neque delectus consequuntur provident est maiores explicabo. Est est sed itaque necessitatibus vitae officiis.\\nIusto dolores sint eveniet quasi dolore quo laborum esse laboriosam.\\nModi similique aut voluptates animi aut dicta dolorum.\\nSint explicabo autem quidem et.\\nNeque aspernatur assumenda fugit provident. Et fuga repellendus magnam dignissimos eius aspernatur rerum. Dolorum eius dignissimos et magnam voluptate aut voluptatem natus.\\nAut sint est eum molestiae consequatur officia omnis.\\nQuae et quam odit voluptatum itaque ducimus magni dolores ab.\\nDolorum sed iure voluptatem et reiciendis. Eveniet sit ipsa officiis laborum.\\nIn vel est omnis sed impedit quod magni.\\nDignissimos quis illum qui atque aut ut quasi sequi. Eveniet sit ipsa officiis laborum.\\nIn vel est omnis sed impedit quod magni.\\nDignissimos quis illum qui atque aut ut quasi sequi. Sapiente vitae culpa ut voluptatem incidunt excepturi voluptates exercitationem.\\nSed doloribus alias consectetur omnis occaecati ad placeat labore.\\nVoluptate consequatur expedita nemo recusandae sint assumenda.\\nQui vel totam quia fugit saepe suscipit autem quasi qui.\\nEt eum vel ut delectus ut nesciunt animi.","tagList":["sit","reiciendis","consequuntur","nihil"],"createdAt":"2024-01-04T00:52:58.601Z","updatedAt":"2024-01-04T00:52:58.601Z","favorited":false,"favoritesCount":387,"author":{"username":"Maksim Esteban","bio":null,"image":"https://api.realworld.io/images/demo-avatar.png","following":false}},{"slug":"quantifying-the-circuit-wont-do-anything-we-need-to-parse-the-back-end-FTP-interface!-553","title":"quantifying the circuit wont do anything, we need to parse the back-end FTP interface!","description":"Quo voluptatem quia numquam laudantium sit quibusdam aut. Veritatis omnis neque ea saepe hic enim. Nam odit dolor non consequuntur perspiciatis inventore ut sint. Velit quod praesentium adipisci modi.","body":"Quos pariatur tenetur.\\nQuasi omnis eveniet eos maiores esse magni possimus blanditiis.\\nQui incidunt sit quos consequatur aut qui et aperiam delectus.\\nPraesentium quas culpa.\\nEaque occaecati cumque incidunt et. Laborum est maxime enim accusantium magnam.\\nRerum dolorum minus laudantium delectus eligendi necessitatibus quia.\\nDeleniti consequatur explicabo aut nobis est vero tempore.\\nExcepturi earum quo quod voluptatem quo iure vel sapiente occaecati.\\nConsectetur consequatur corporis doloribus omnis harum voluptas esse amet. Quia quo iste et aperiam voluptas consectetur a omnis et.\\nDolores et earum consequuntur sunt et.\\nEa nulla ab voluptatem dicta vel. Officia consectetur quibusdam velit debitis porro quia cumque.\\nSuscipit esse voluptatem cum sit totam consequatur molestiae est.\\nMollitia pariatur distinctio fugit. Officia consectetur quibusdam velit debitis porro quia cumque.\\nSuscipit esse voluptatem cum sit totam consequatur molestiae est.\\nMollitia pariatur distinctio fugit. Ab rerum eos ipsa accusantium nihil voluptatem.\\nEum minus alias.\\nIure commodi at harum.\\nNostrum non occaecati omnis quisquam. Sapiente maxime sequi. Quia quo iste et aperiam voluptas consectetur a omnis et.\\nDolores et earum consequuntur sunt et.\\nEa nulla ab voluptatem dicta vel. Similique et quos maiores commodi exercitationem laborum animi qui. Consequatur exercitationem asperiores quidem fuga rerum voluptas pariatur.\\nRepellendus sit itaque nam.\\nDeleniti consectetur vel aliquam vitae est velit.\\nId blanditiis ullam sed consequatur omnis.","tagList":["at","quasi","ullam","nemo"],"createdAt":"2024-01-04T00:52:58.600Z","updatedAt":"2024-01-04T00:52:58.600Z","favorited":false,"favoritesCount":167,"author":{"username":"Maksim Esteban","bio":null,"image":"https://api.realworld.io/images/demo-avatar.png","following":false}},{"slug":"Ill-compress-the-optical-SDD-hard-drive-that-should-interface-the-XSS-bandwidth!-553","title":"Ill compress the optical SDD hard drive, that should interface the XSS bandwidth!","description":"Pariatur ut dolor repellendus dolores ut debitis. Est iusto neque dicta voluptatibus quia nulla consequatur. Omnis aut sed dolores qui laborum a amet.","body":"Deleniti explicabo assumenda ipsum cumque voluptatem blanditiis voluptatum omnis provident.\\nQuis placeat nisi fugit aperiam quaerat mollitia.\\nOccaecati repellendus voluptate similique.\\nLaboriosam qui qui voluptas itaque ipsa. Mollitia nostrum exercitationem sunt rem.\\nRem et voluptas consequatur mollitia nostrum.\\nSunt nesciunt et pariatur quam provident impedit. Quis nesciunt ut est eos.\\nQui reiciendis doloribus.\\nEst quidem ullam reprehenderit.\\nEst omnis eligendi quis quis quo eum officiis asperiores quis. Dolorem sed neque sequi ad nulla.\\nEum tempora ut sit et ducimus.\\nVel a expedita dignissimos.\\nFacilis iste ut.\\nAd saepe doloremque possimus mollitia atque explicabo. Animi enim quo deserunt.\\nAmet facilis at laboriosam.\\nRerum assumenda harum et sapiente suscipit ipsa fugiat.\\nSunt ut aut rem expedita consequatur optio.\\nRecusandae tenetur rerum quos culpa. Minima qui ut nulla eius.\\nA incidunt ipsum tempore porro tempore.\\nFugit quas voluptas ducimus aut.\\nTempore nostrum velit expedita voluptate est.\\nNam iste explicabo tempore impedit voluptas. Molestias non debitis quibusdam quis quod.\\nSaepe ab et hic unde et sed.\\nMagni voluptatem est.\\nEt similique quo porro et. Autem sed aspernatur aut sint ipsam et facere rerum voluptas.\\nPerferendis eligendi molestias laudantium eveniet eos.\\nId veniam asperiores quis voluptates aut deserunt.\\nTempora et eius dignissimos nulla iusto et omnis pariatur.\\nSit mollitia eum blanditiis suscipit. Sunt excepturi ut dolore fuga.\\nAutem eum maiores aut nihil magnam corporis consectetur sit. Animi enim quo deserunt.\\nAmet facilis at laboriosam.\\nRerum assumenda harum et sapiente suscipit ipsa fugiat.\\nSunt ut aut rem expedita consequatur optio.\\nRecusandae tenetur rerum quos culpa.","tagList":["occaecati","labore","consequatur","neque"],"createdAt":"2024-01-04T00:52:58.600Z","updatedAt":"2024-01-04T00:52:58.600Z","favorited":false,"favoritesCount":115,"author":{"username":"Maksim Esteban","bio":null,"image":"https://api.realworld.io/images/demo-avatar.png","following":false}},{"slug":"The-JSON-interface-is-down-hack-the-haptic-transmitter-so-we-can-bypass-the-XML-system!-553","title":"The JSON interface is down, hack the haptic transmitter so we can bypass the XML system!","description":"Odit consequatur nobis aut quo dolores in adipisci praesentium. Quod rerum ducimus ad. Ut autem velit consequatur nihil animi animi architecto. Quaerat et sed.","body":"Debitis facilis dolorum maiores aut et.\\nEa voluptas magnam deserunt at ut sunt voluptatem.\\nEt voluptatem voluptatem.\\nUt est fugiat magnam. Qui et dolorum.\\nEveniet architecto qui accusamus et modi harum facilis a eum.\\nEt vel cumque voluptatem earum minima perferendis. Est aut quis soluta accusantium debitis vel.\\nQuisquam aliquid ex corporis velit. Dolorem sed neque sequi ad nulla.\\nEum tempora ut sit et ducimus.\\nVel a expedita dignissimos.\\nFacilis iste ut.\\nAd saepe doloremque possimus mollitia atque explicabo. Ad voluptate vel.\\nAut aut dolor. Sunt excepturi ut dolore fuga.\\nAutem eum maiores aut nihil magnam corporis consectetur sit. Cupiditate officia voluptatum.\\nTenetur facere eum distinctio animi qui laboriosam.\\nQuod sed voluptatem et cumque est eos.\\nSint id provident suscipit harum odio et. Minima qui ut nulla eius.\\nA incidunt ipsum tempore porro tempore.\\nFugit quas voluptas ducimus aut.\\nTempore nostrum velit expedita voluptate est.\\nNam iste explicabo tempore impedit voluptas. Et sed dicta eveniet accusamus consequatur.\\nUllam voluptas consequatur aut eos ducimus.\\nId officia est ut dicta provident beatae ipsa. Voluptate et quasi optio eos et eveniet culpa et nobis.\\nSint aut sint sequi possimus reiciendis nisi.\\nRerum et omnis et sit doloribus corporis voluptas error.\\nIusto molestiae tenetur necessitatibus dolorem omnis.","tagList":["voluptatem","nostrum","neque"],"createdAt":"2024-01-04T00:52:58.600Z","updatedAt":"2024-01-04T00:52:58.600Z","favorited":false,"favoritesCount":109,"author":{"username":"Maksim Esteban","bio":null,"image":"https://api.realworld.io/images/demo-avatar.png","following":false}},{"slug":"We-need-to-quantify-the-primary-TCP-matrix!-553","title":"We need to quantify the primary TCP matrix!","description":"Assumenda molestiae laboriosam enim ipsum quaerat enim officia vel quo. Earum odit rem natus totam atque cumque. Sint dolorem facere non.","body":"Non enim expedita maiores incidunt voluptatem rem.\\nEt nam vel nihil non non.\\nVoluptates accusantium aut nisi et error doloribus molestiae voluptas soluta. Autem sed aspernatur aut sint ipsam et facere rerum voluptas.\\nPerferendis eligendi molestias laudantium eveniet eos.\\nId veniam asperiores quis voluptates aut deserunt.\\nTempora et eius dignissimos nulla iusto et omnis pariatur.\\nSit mollitia eum blanditiis suscipit. Voluptatem sed debitis.\\nArchitecto sint et deleniti et quod possimus cupiditate.\\nTempore aut eum ipsum recusandae aliquid. Dolorem sed neque sequi ad nulla.\\nEum tempora ut sit et ducimus.\\nVel a expedita dignissimos.\\nFacilis iste ut.\\nAd saepe doloremque possimus mollitia atque explicabo. Ut in omnis sapiente laboriosam autem laborum.\\nRepellendus et beatae qui qui numquam saepe.\\nNon vitae molestias quos illum.\\nSed fugiat qui ullam molestias ad ullam dolore.\\nAutem ex minus distinctio dicta sapiente beatae veritatis at. Qui et dolorum.\\nEveniet architecto qui accusamus et modi harum facilis a eum.\\nEt vel cumque voluptatem earum minima perferendis. Iusto laborum aperiam neque delectus consequuntur provident est maiores explicabo. Aut ipsa et qui vel similique sed hic a.\\nVoluptates dolorem culpa nihil aut ipsam voluptatem. In ipsam mollitia placeat quia adipisci rerum labore repellat. Ut in omnis sapiente laboriosam autem laborum.\\nRepellendus et beatae qui qui numquam saepe.\\nNon vitae molestias quos illum.\\nSed fugiat qui ullam molestias ad ullam dolore.\\nAutem ex minus distinctio dicta sapiente beatae veritatis at.","tagList":["repellat","nostrum","excepturi","quaerat"],"createdAt":"2024-01-04T00:52:58.600Z","updatedAt":"2024-01-04T00:52:58.600Z","favorited":false,"favoritesCount":92,"author":{"username":"Maksim Esteban","bio":null,"image":"https://api.realworld.io/images/demo-avatar.png","following":false}},{"slug":"If-we-hack-the-firewall-we-can-get-to-the-USB-application-through-the-bluetooth-SDD-system!-553","title":"If we hack the firewall, we can get to the USB application through the bluetooth SDD system!","description":"Vel facere dolorem sit hic non. Veniam nihil cumque sed et delectus. Maiores minus quisquam nostrum. Eius quasi nostrum. Molestiae recusandae ut. Suscipit natus aliquam eos sit aut.","body":"Et fuga repellendus magnam dignissimos eius aspernatur rerum. Id est non ad temporibus nobis.\\nQuod soluta quae voluptatem quisquam est. Voluptatem velit ut deserunt.\\nQuibusdam eius repellat. Incidunt doloremque enim autem quam et magnam et expedita fuga.\\nPlaceat quia dolor ut.\\nNon dolor amet temporibus quas non hic sed.\\nQui tempore enim mollitia omnis sed ut eos rerum et.\\nQuidem voluptas est vel. Deserunt ab porro similique est accusamus id enim aut suscipit.\\nSoluta reprehenderit error nesciunt odit veniam sed.\\nDolore optio qui aut ab.\\nAut minima provident eius repudiandae a quibusdam in nisi quam. Nesciunt numquam velit nihil qui quia eius. Facere consequatur ullam.\\nSint illum iste ab et saepe sit ut quis voluptatibus.\\nQuo esse dolorum a quasi nihil.\\nError quo eveniet.\\nQuia aut rem quia in iste fugit ad. Doloribus consequatur et labore suscipit deserunt tempore ad quasi sed.\\nQuam cupiditate modi dolor et eos et culpa qui.\\nDelectus molestias ea id.\\nIllum ea unde sapiente non non non.\\nDolorem ut sed magni. Quas ea voluptatem iste iure.\\nEt soluta et doloremque vero quis occaecati et fuga.\\nIncidunt recusandae dignissimos iusto quisquam sed unde at ea incidunt.\\nId voluptate incidunt qui totam autem voluptas maxime atque quaerat.\\nCorporis iste ut molestiae. Similique et quos maiores commodi exercitationem laborum animi qui.","tagList":["beatae","esse","exercitationem","hic"],"createdAt":"2024-01-04T00:52:58.599Z","updatedAt":"2024-01-04T00:52:58.599Z","favorited":false,"favoritesCount":29,"author":{"username":"Maksim Esteban","bio":null,"image":"https://api.realworld.io/images/demo-avatar.png","following":false}},{"slug":"Ill-override-the-digital-ADP-alarm-that-should-microchip-the-USB-firewall!-553","title":"Ill override the digital ADP alarm, that should microchip the USB firewall!","description":"Rerum enim tenetur maiores ullam et id assumenda est magnam. At praesentium molestias culpa fugiat et ipsum velit est et. Non velit ipsum quas laudantium accusantium sed qui id. Eum deserunt ratione veniam.","body":"Doloribus temporibus dolorum placeat.\\nFugit nulla quaerat.\\nEveniet ratione odit sed non rerum.\\nNemo tempore eveniet veritatis alias repellat et.\\nVoluptas nisi quis commodi id. Exercitationem suscipit enim et aliquam dolor. Cum vitae aliquam neque consequatur quia id dicta ipsam.\\nExercitationem ab eum exercitationem non alias numquam qui.\\nItaque rerum ut nobis est nam vitae exercitationem minima fugiat.\\nEst sit non tempora soluta consequatur eveniet.\\nCorporis nisi dolorem architecto voluptatem. Eveniet sit ipsa officiis laborum.\\nIn vel est omnis sed impedit quod magni.\\nDignissimos quis illum qui atque aut ut quasi sequi. Similique et quos maiores commodi exercitationem laborum animi qui. Ipsa cumque ad repellat qui libero quia impedit fugiat.\\nExcepturi ut vitae recusandae eos quisquam et voluptatem.\\nNeque nostrum distinctio provident eius tempore odio aliquid.\\nSaepe ut suscipit architecto. Sunt hic autem eum sint quia vitae. Qui et dolorum.\\nEveniet architecto qui accusamus et modi harum facilis a eum.\\nEt vel cumque voluptatem earum minima perferendis. Totam ab necessitatibus quidem non. Nemo repudiandae molestiae.\\nNobis sed ducimus aperiam.\\nBeatae cupiditate praesentium in omnis.","tagList":["tenetur","quasi","eos","possimus"],"createdAt":"2024-01-04T00:52:58.599Z","updatedAt":"2024-01-04T00:52:58.599Z","favorited":false,"favoritesCount":32,"author":{"username":"Maksim Esteban","bio":null,"image":"https://api.realworld.io/images/demo-avatar.png","following":false}},{"slug":"Try-to-calculate-the-JBOD-firewall-maybe-it-will-override-the-redundant-port!-553","title":"Try to calculate the JBOD firewall, maybe it will override the redundant port!","description":"Culpa ipsa voluptatem suscipit ut omnis omnis iste. Molestias facere facilis delectus vel fugit quibusdam saepe. Vel ut et dignissimos fugiat sint aut magnam. Quis maiores harum aliquid modi consequuntur veniam ipsum quaerat. Quam quo iusto nulla. Et quasi qui dolore enim.","body":"Cupiditate officia voluptatum.\\nTenetur facere eum distinctio animi qui laboriosam.\\nQuod sed voluptatem et cumque est eos.\\nSint id provident suscipit harum odio et. Ipsa cumque ad repellat qui libero quia impedit fugiat.\\nExcepturi ut vitae recusandae eos quisquam et voluptatem.\\nNeque nostrum distinctio provident eius tempore odio aliquid.\\nSaepe ut suscipit architecto. Quis nesciunt ut est eos.\\nQui reiciendis doloribus.\\nEst quidem ullam reprehenderit.\\nEst omnis eligendi quis quis quo eum officiis asperiores quis. Sapiente vitae culpa ut voluptatem incidunt excepturi voluptates exercitationem.\\nSed doloribus alias consectetur omnis occaecati ad placeat labore.\\nVoluptate consequatur expedita nemo recusandae sint assumenda.\\nQui vel totam quia fugit saepe suscipit autem quasi qui.\\nEt eum vel ut delectus ut nesciunt animi. Qui corrupti at eius cumque adipisci ut sunt voluptates ab. Reprehenderit quae quas quos sapiente ullam ut.\\nVoluptates non ut. Quia quo iste et aperiam voluptas consectetur a omnis et.\\nDolores et earum consequuntur sunt et.\\nEa nulla ab voluptatem dicta vel. Nesciunt numquam velit nihil qui quia eius. Qui eligendi molestiae molestiae sit rem quis.\\nDucimus voluptates ut ducimus possimus quis.\\nCupiditate velit cupiditate harum impedit minima veniam ipsam amet atque.\\nEt architecto molestiae omnis eos aspernatur voluptatem occaecati non.\\nMolestiae inventore aut aut nesciunt totam eum a expedita illo. Ipsa cumque ad repellat qui libero quia impedit fugiat.\\nExcepturi ut vitae recusandae eos quisquam et voluptatem.\\nNeque nostrum distinctio provident eius tempore odio aliquid.\\nSaepe ut suscipit architecto.","tagList":["aut","deserunt","occaecati","vitae"],"createdAt":"2024-01-04T00:52:58.597Z","updatedAt":"2024-01-04T00:52:58.597Z","favorited":false,"favoritesCount":14,"author":{"username":"Maksim Esteban","bio":null,"image":"https://api.realworld.io/images/demo-avatar.png","following":false}},{"slug":"Try-to-transmit-the-HTTP-card-maybe-it-will-override-the-multi-byte-hard-drive!-553","title":"Try to transmit the HTTP card, maybe it will override the multi-byte hard drive!","description":"Optio consectetur rerum eos reiciendis. Voluptatem hic iure. Unde aut voluptas.","body":"Quas ea voluptatem iste iure.\\nEt soluta et doloremque vero quis occaecati et fuga.\\nIncidunt recusandae dignissimos iusto quisquam sed unde at ea incidunt.\\nId voluptate incidunt qui totam autem voluptas maxime atque quaerat.\\nCorporis iste ut molestiae. Ipsam voluptate fugiat iusto illo dignissimos rerum sint placeat.\\nLabore sit omnis. Sed odit quidem qui sed eum id eligendi laboriosam. Reprehenderit quae quas quos sapiente ullam ut.\\nVoluptates non ut. Quia consequatur voluptatibus et.\\nVoluptatibus aspernatur et.\\nDicta architecto qui dignissimos.\\nVeritatis facilis voluptatem inventore aliquid cum.\\nNumquam odio quis porro sunt adipisci culpa. Quos pariatur tenetur.\\nQuasi omnis eveniet eos maiores esse magni possimus blanditiis.\\nQui incidunt sit quos consequatur aut qui et aperiam delectus.\\nPraesentium quas culpa.\\nEaque occaecati cumque incidunt et. Reprehenderit quae quas quos sapiente ullam ut.\\nVoluptates non ut. Placeat sequi quaerat sapiente aspernatur autem sunt molestiae voluptatem.\\nAccusamus unde libero accusamus omnis totam et temporibus. Maiores assumenda porro est ea necessitatibus qui qui dolorum.\\nVelit suscipit ut ipsam odit aut earum. Doloribus consequatur et labore suscipit deserunt tempore ad quasi sed.\\nQuam cupiditate modi dolor et eos et culpa qui.\\nDelectus molestias ea id.\\nIllum ea unde sapiente non non non.\\nDolorem ut sed magni.","tagList":["repellat","quasi","et","blanditiis"],"createdAt":"2024-01-04T00:52:58.597Z","updatedAt":"2024-01-04T00:52:58.597Z","favorited":false,"favoritesCount":17,"author":{"username":"Maksim Esteban","bio":null,"image":"https://api.realworld.io/images/demo-avatar.png","following":false}},{"slug":"Use-the-open-source-THX-application-then-you-can-quantify-the-solid-state-transmitter!-553","title":"Use the open-source THX application, then you can quantify the solid state transmitter!","description":"Quo voluptatem quia numquam laudantium sit quibusdam aut. Veritatis omnis neque ea saepe hic enim. Nam odit dolor non consequuntur perspiciatis inventore ut sint. Velit quod praesentium adipisci modi.","body":"Doloribus consequatur et labore suscipit deserunt tempore ad quasi sed.\\nQuam cupiditate modi dolor et eos et culpa qui.\\nDelectus molestias ea id.\\nIllum ea unde sapiente non non non.\\nDolorem ut sed magni. Voluptatibus harum ullam odio sed animi corporis. Omnis quidem vero eius sed laudantium a ex a saepe.\\nModi qui laudantium in libero odit et impedit. Consequatur odit voluptatem qui.\\nQui quis sequi vel corrupti asperiores soluta rerum.\\nIusto at id quod reiciendis. Reprehenderit quae quas quos sapiente ullam ut.\\nVoluptates non ut. Laborum est maxime enim accusantium magnam.\\nRerum dolorum minus laudantium delectus eligendi necessitatibus quia.\\nDeleniti consequatur explicabo aut nobis est vero tempore.\\nExcepturi earum quo quod voluptatem quo iure vel sapiente occaecati.\\nConsectetur consequatur corporis doloribus omnis harum voluptas esse amet. Nesciunt numquam velit nihil qui quia eius. Totam voluptas consequatur officiis.\\nPlaceat sit nobis ut est quae dolore consequuntur vel.\\nRepudiandae ut molestias rerum occaecati quod.\\nRerum optio minus aliquid.\\nIllum et voluptas iusto molestiae nulla praesentium deserunt est voluptas. Et fuga repellendus magnam dignissimos eius aspernatur rerum. Quo perferendis nesciunt.\\nDolore dolorem porro omnis voluptatibus consequuntur et expedita suscipit et.\\nTempora facere ipsa.\\nDolore accusamus soluta officiis eligendi.\\nEum quaerat neque eum beatae odio.","tagList":["aliquid","qui","consequatur","nihil"],"createdAt":"2024-01-04T00:52:58.597Z","updatedAt":"2024-01-04T00:52:58.597Z","favorited":false,"favoritesCount":26,"author":{"username":"Maksim Esteban","bio":null,"image":"https://api.realworld.io/images/demo-avatar.png","following":false}}],"articlesCount":251}

---------------------------------------------------------
feature: classpath:conduitApp/feature/Article.feature
scenarios:  1 | passed:  1 | failed:  0 | time: 2.5157
---------------------------------------------------------

15:51:56.142 [main] INFO  com.intuit.karate.Suite - <<pass>> feature 1 of 3 (0 remaining) classpath:conduitApp/feature/Article.feature
15:51:56.146 [main] DEBUG com.intuit.karate.Suite - waiting for 3 features to complete
Karate version: 1.4.1
======================================================
elapsed:   3.79 | threads:    1 | thread time: 2.52 
features:     1 | skipped:    2 | efficiency: 0.66
scenarios:    1 | passed:     1 | failed: 0
======================================================

HTML report: (paste into browser to view) | Karate version: 1.4.1
file:///Users/rommel.ayala/Documents/project/training/karateUdemy/target/karate-reports/karate-summary.html
===================================================================

]]></system-out>
  </testcase>
</testsuite>